<?xml version="1.0" encoding="UTF-8"?>
<testng-results ignored="0" total="5" passed="5" failed="0" skipped="0">
  <reporter-output>
  </reporter-output>
  <suite started-at="2022-10-14T17:34:40 IST" name="Suite" finished-at="2022-10-14T17:34:42 IST" duration-ms="2543">
    <groups>
    </groups>
    <test started-at="2022-10-14T17:34:40 IST" name="Test" finished-at="2022-10-14T17:34:42 IST" duration-ms="2543">
      <class name="org.testing.testcase.TC4_PutRequest">
        <test-method signature="TC4_UpdatePutRequest()[pri:0, instance:org.testing.testcase.TC4_PutRequest@70e8f8e]" started-at="2022-10-14T17:34:42 IST" name="TC4_UpdatePutRequest" finished-at="2022-10-14T17:34:42 IST" duration-ms="61" status="PASS">
          <reporter-output>
          </reporter-output>
        </test-method> <!-- TC4_UpdatePutRequest -->
      </class> <!-- org.testing.testcase.TC4_PutRequest -->
      <class name="org.testing.testcase.TC2_GetAllRecordsRequest">
        <test-method signature="TC2_GetAllRecordsMethod()[pri:0, instance:org.testing.testcase.TC2_GetAllRecordsRequest@72a7c7e0]" started-at="2022-10-14T17:34:42 IST" name="TC2_GetAllRecordsMethod" finished-at="2022-10-14T17:34:42 IST" duration-ms="115" status="PASS">
          <reporter-output>
          </reporter-output>
        </test-method> <!-- TC2_GetAllRecordsMethod -->
      </class> <!-- org.testing.testcase.TC2_GetAllRecordsRequest -->
      <class name="org.testing.testcase.TC1_PostRequest">
        <test-method signature="TC1_PostRequestMethod()[pri:0, instance:org.testing.testcase.TC1_PostRequest@49b0b76]" started-at="2022-10-14T17:34:40 IST" name="TC1_PostRequestMethod" finished-at="2022-10-14T17:34:42 IST" duration-ms="2189" status="PASS">
          <reporter-output>
          </reporter-output>
        </test-method> <!-- TC1_PostRequestMethod -->
      </class> <!-- org.testing.testcase.TC1_PostRequest -->
      <class name="org.testing.testcase.TC5_DeleteRequest">
        <test-method signature="TC5_DeleteRecord()[pri:0, instance:org.testing.testcase.TC5_DeleteRequest@17046283]" started-at="2022-10-14T17:34:42 IST" name="TC5_DeleteRecord" finished-at="2022-10-14T17:34:42 IST" duration-ms="44" status="PASS">
          <reporter-output>
          </reporter-output>
        </test-method> <!-- TC5_DeleteRecord -->
      </class> <!-- org.testing.testcase.TC5_DeleteRequest -->
      <class name="org.testing.testcase.TC3_GetSingleRecordRequest">
        <test-method signature="TC3_SingleRecord()[pri:0, instance:org.testing.testcase.TC3_GetSingleRecordRequest@2e4b8173]" started-at="2022-10-14T17:34:42 IST" name="TC3_SingleRecord" finished-at="2022-10-14T17:34:42 IST" duration-ms="48" status="PASS">
          <reporter-output>
          </reporter-output>
        </test-method> <!-- TC3_SingleRecord -->
      </class> <!-- org.testing.testcase.TC3_GetSingleRecordRequest -->
    </test> <!-- Test -->
  </suite> <!-- Suite -->
</testng-results>
