<?xml version="1.0" encoding="UTF-8"?>
<testng-results skipped="0" failed="0" ignored="0" total="5" passed="5">
  <reporter-output>
  </reporter-output>
  <suite name="Suite" duration-ms="2452" started-at="2022-10-11T22:48:44 IST" finished-at="2022-10-11T22:48:46 IST">
    <groups>
    </groups>
    <test name="Test" duration-ms="2452" started-at="2022-10-11T22:48:44 IST" finished-at="2022-10-11T22:48:46 IST">
      <class name="org.testing.testcase.TC4_PutRequest">
        <test-method status="PASS" signature="TC4_UpdatePutRequest()[pri:0, instance:org.testing.testcase.TC4_PutRequest@4eb7f003]" name="TC4_UpdatePutRequest" duration-ms="45" started-at="2022-10-11T22:48:46 IST" finished-at="2022-10-11T22:48:46 IST">
          <reporter-output>
          </reporter-output>
        </test-method> <!-- TC4_UpdatePutRequest -->
      </class> <!-- org.testing.testcase.TC4_PutRequest -->
      <class name="org.testing.testcase.TC2_GetAllRecordsRequest">
        <test-method status="PASS" signature="TC2_GetAllRecordsMethod()[pri:0, instance:org.testing.testcase.TC2_GetAllRecordsRequest@6121c9d6]" name="TC2_GetAllRecordsMethod" duration-ms="66" started-at="2022-10-11T22:48:46 IST" finished-at="2022-10-11T22:48:46 IST">
          <reporter-output>
          </reporter-output>
        </test-method> <!-- TC2_GetAllRecordsMethod -->
      </class> <!-- org.testing.testcase.TC2_GetAllRecordsRequest -->
      <class name="org.testing.testcase.TC1_PostRequest">
        <test-method status="PASS" signature="TC1_PostRequestMethod()[pri:0, instance:org.testing.testcase.TC1_PostRequest@371a67ec]" name="TC1_PostRequestMethod" duration-ms="2160" started-at="2022-10-11T22:48:44 IST" finished-at="2022-10-11T22:48:46 IST">
          <reporter-output>
          </reporter-output>
        </test-method> <!-- TC1_PostRequestMethod -->
      </class> <!-- org.testing.testcase.TC1_PostRequest -->
      <class name="org.testing.testcase.TC5_DeleteRequest">
        <test-method status="PASS" signature="TC5_DeleteRecord()[pri:0, instance:org.testing.testcase.TC5_DeleteRequest@eafc191]" name="TC5_DeleteRecord" duration-ms="57" started-at="2022-10-11T22:48:46 IST" finished-at="2022-10-11T22:48:46 IST">
          <reporter-output>
          </reporter-output>
        </test-method> <!-- TC5_DeleteRecord -->
      </class> <!-- org.testing.testcase.TC5_DeleteRequest -->
      <class name="org.testing.testcase.TC3_GetSingleRecordRequest">
        <test-method status="PASS" signature="TC3_SingleRecord()[pri:0, instance:org.testing.testcase.TC3_GetSingleRecordRequest@87f383f]" name="TC3_SingleRecord" duration-ms="58" started-at="2022-10-11T22:48:46 IST" finished-at="2022-10-11T22:48:46 IST">
          <reporter-output>
          </reporter-output>
        </test-method> <!-- TC3_SingleRecord -->
      </class> <!-- org.testing.testcase.TC3_GetSingleRecordRequest -->
    </test> <!-- Test -->
  </suite> <!-- Suite -->
</testng-results>
