<?xml version="1.0" encoding="UTF-8"?>
<testng-results ignored="0" total="1" passed="1" failed="0" skipped="0">
  <reporter-output>
  </reporter-output>
  <suite started-at="2022-10-18T19:22:16 IST" name="Default suite" finished-at="2022-10-18T19:22:18 IST" duration-ms="2652">
    <groups>
    </groups>
    <test started-at="2022-10-18T19:22:16 IST" name="Default test" finished-at="2022-10-18T19:22:18 IST" duration-ms="2652">
      <class name="org.testing.TestCases.TC1">
        <test-method signature="TestCase1()[pri:0, instance:org.testing.TestCases.TC1@20deea7f]" started-at="2022-10-18T19:22:16 IST" name="TestCase1" finished-at="2022-10-18T19:22:18 IST" duration-ms="2573" status="PASS">
          <reporter-output>
          </reporter-output>
        </test-method> <!-- TestCase1 -->
      </class> <!-- org.testing.TestCases.TC1 -->
    </test> <!-- Default test -->
  </suite> <!-- Default suite -->
</testng-results>
