<?xml version="1.0" encoding="UTF-8"?>
<!-- Generated by org.testng.reporters.JUnitXMLReporter -->
<testsuite hostname="DESKTOP-1RJQ60A" ignored="0" name="Test" tests="5" failures="0" timestamp="2022-10-11T22:48:46 IST" time="2.452" errors="0">
  <testcase name="TC1_PostRequestMethod" time="2.16" classname="org.testing.testcase.TC1_PostRequest"/>
  <testcase name="TC2_GetAllRecordsMethod" time="0.066" classname="org.testing.testcase.TC2_GetAllRecordsRequest"/>
  <testcase name="TC3_SingleRecord" time="0.058" classname="org.testing.testcase.TC3_GetSingleRecordRequest"/>
  <testcase name="TC4_UpdatePutRequest" time="0.045" classname="org.testing.testcase.TC4_PutRequest"/>
  <testcase name="TC5_DeleteRecord" time="0.057" classname="org.testing.testcase.TC5_DeleteRequest"/>
</testsuite> <!-- Test -->
