<?xml version="1.0" encoding="UTF-8"?>
<!-- Generated by org.testng.reporters.JUnitXMLReporter -->
<testsuite ignored="0" hostname="DESKTOP-1RJQ60A" failures="0" tests="5" name="Test" time="2.543" errors="0" timestamp="2022-10-14T17:34:42 IST">
  <testcase classname="org.testing.testcase.TC1_PostRequest" name="TC1_PostRequestMethod" time="2.189"/>
  <testcase classname="org.testing.testcase.TC2_GetAllRecordsRequest" name="TC2_GetAllRecordsMethod" time="0.115"/>
  <testcase classname="org.testing.testcase.TC3_GetSingleRecordRequest" name="TC3_SingleRecord" time="0.048"/>
  <testcase classname="org.testing.testcase.TC4_PutRequest" name="TC4_UpdatePutRequest" time="0.061"/>
  <testcase classname="org.testing.testcase.TC5_DeleteRequest" name="TC5_DeleteRecord" time="0.044"/>
</testsuite> <!-- Test -->
